[debug] [2022-01-16T05:14:08.270Z] ----------------------------------------------------------------------
[debug] [2022-01-16T05:14:08.271Z] Command:       /usr/local/bin/node /usr/local/bin/firebase init
[debug] [2022-01-16T05:14:08.271Z] CLI Version:   10.1.0
[debug] [2022-01-16T05:14:08.271Z] Platform:      darwin
[debug] [2022-01-16T05:14:08.272Z] Node Version:  v16.13.0
[debug] [2022-01-16T05:14:08.272Z] Time:          Sun Jan 16 2022 10:44:08 GMT+0530 (India Standard Time)
[debug] [2022-01-16T05:14:08.272Z] ----------------------------------------------------------------------
[debug] 
[debug] [2022-01-16T05:14:08.309Z] > command requires scopes: ["email","openid","https://www.googleapis.com/auth/cloudplatformprojects.readonly","https://www.googleapis.com/auth/firebase","https://www.googleapis.com/auth/cloud-platform"]
[debug] [2022-01-16T05:14:08.310Z] > authorizing via signed-in user (pranam707@gmail.com)
[info] 
     ######## #### ########  ######## ########     ###     ######  ########
     ##        ##  ##     ## ##       ##     ##  ##   ##  ##       ##
     ######    ##  ########  ######   ########  #########  ######  ######
     ##        ##  ##    ##  ##       ##     ## ##     ##       ## ##
     ##       #### ##     ## ######## ########  ##     ##  ######  ########

You're about to initialize a Firebase project in this directory:

  /Users/pranamk/Documents/Git Repository/angular-firebase-hosting

Before we get started, keep in mind:

  * You are initializing within an existing Firebase project directory

[info] 
=== Project Setup
[info] 
[info] First, let's associate this project directory with a Firebase project.
[info] You can create multiple project aliases by running firebase use --add, 
[info] but for now we'll just set up a default project.
[info] 
[debug] [2022-01-16T05:14:13.259Z] Using project from CLI flag: fir-test-application-5116c
[debug] [2022-01-16T05:14:13.262Z] > refreshing access token with scopes: []
[debug] [2022-01-16T05:14:13.262Z] >>> HTTP REQUEST POST https://www.googleapis.com/oauth2/v3/token  
 <request body omitted>
[debug] [2022-01-16T05:14:14.724Z] <<< HTTP RESPONSE 200 {"expires":"Mon, 01 Jan 1990 00:00:00 GMT","cache-control":"no-cache, no-store, max-age=0, must-revalidate","date":"Sun, 16 Jan 2022 05:14:13 GMT","pragma":"no-cache","content-type":"application/json; charset=utf-8","vary":"X-Origin, Referer, Origin,Accept-Encoding","server":"scaffolding on HTTPServer2","x-xss-protection":"0","x-frame-options":"SAMEORIGIN","x-content-type-options":"nosniff","alt-svc":"h3=\":443\"; ma=2592000,h3-29=\":443\"; ma=2592000,h3-Q050=\":443\"; ma=2592000,h3-Q046=\":443\"; ma=2592000,h3-Q043=\":443\"; ma=2592000,quic=\":443\"; ma=2592000; v=\"46,43\"","accept-ranges":"none","transfer-encoding":"chunked"}
[debug] [2022-01-16T05:14:14.775Z] >>> [apiv2][query] GET https://firebase.googleapis.com/v1beta1/projects/fir-test-application-5116c [none]
[debug] [2022-01-16T05:14:16.155Z] <<< [apiv2][status] GET https://firebase.googleapis.com/v1beta1/projects/fir-test-application-5116c 200
[debug] [2022-01-16T05:14:16.155Z] <<< [apiv2][body] GET https://firebase.googleapis.com/v1beta1/projects/fir-test-application-5116c {"projectId":"fir-test-application-5116c","projectNumber":"496113357357","displayName":"Firebase Test Application","name":"projects/fir-test-application-5116c","resources":{"hostingSite":"fir-test-application-5116c","realtimeDatabaseInstance":"fir-test-application-5116c-default-rtdb"},"state":"ACTIVE"}
[info] i  Using project fir-test-application-5116c (Firebase Test Application) 
[info] 
=== Database Setup
[info] i  database: ensuring required API firebasedatabase.googleapis.com is enabled... 
[debug] [2022-01-16T05:14:16.196Z] >>> [apiv2][query] GET https://serviceusage.googleapis.com/v1/projects/fir-test-application-5116c/services/firebasedatabase.googleapis.com [none]
[debug] [2022-01-16T05:14:17.836Z] <<< [apiv2][status] GET https://serviceusage.googleapis.com/v1/projects/fir-test-application-5116c/services/firebasedatabase.googleapis.com 200
[debug] [2022-01-16T05:14:17.836Z] <<< [apiv2][body] GET https://serviceusage.googleapis.com/v1/projects/fir-test-application-5116c/services/firebasedatabase.googleapis.com {"name":"projects/496113357357/services/firebasedatabase.googleapis.com","config":{"name":"firebasedatabase.googleapis.com","title":"Firebase Realtime Database Management API","apis":[{"name":"google.firebase.database.v1beta.RealtimeDatabaseService","methods":[{"name":"CreateDatabaseInstance"},{"name":"GetDatabaseInstance"},{"name":"ListDatabaseInstances"},{"name":"DeleteDatabaseInstance"},{"name":"UndeleteDatabaseInstance"},{"name":"DisableDatabaseInstance"},{"name":"ReenableDatabaseInstance"}],"version":"v1beta"},{"name":"google.discovery.Discovery","methods":[{"name":"GetDiscovery"},{"name":"GetDiscoveryRest"}],"version":"v1"}],"documentation":{"summary":"The Firebase Realtime Database Management API enables programmatic provisioning and management of Realtime Database instances."},"quota":{"limits":[{"name":"ReadsPerMinutePerProject","metric":"firebasedatabase.googleapis.com/metadata/read_requests","unit":"1/min/{project}","values":{"DEFAULT":"600"}},{"name":"ReadsPerMinutePerProjectPerUser","metric":"firebasedatabase.googleapis.com/metadata/read_requests","unit":"1/min/{project}/{user}","values":{"DEFAULT":"300"}},{"name":"ReadsPerMinutePerOrganization","metric":"firebasedatabase.googleapis.com/metadata/read_requests","unit":"1/min/{organization}","values":{"DEFAULT":"1200"}},{"name":"WritesPerMinutePerProject","metric":"firebasedatabase.googleapis.com/metadata/write_requests","unit":"1/min/{project}","values":{"DEFAULT":"120"}},{"name":"WritesPerMinutePerProjectPerUser","metric":"firebasedatabase.googleapis.com/metadata/write_requests","unit":"1/min/{project}/{user}","values":{"DEFAULT":"100"}},{"name":"WritesPerMinutePerOrganization","metric":"firebasedatabase.googleapis.com/metadata/write_requests","unit":"1/min/{organization}","values":{"DEFAULT":"300"}},{"name":"CreatesPerMinutePerProject","metric":"firebasedatabase.googleapis.com/metadata/create_requests","unit":"1/min/{project}","values":{"DEFAULT":"100"}},{"name":"CreatesPerMinutePerProjectPerUser","metric":"firebasedatabase.googleapis.com/metadata/create_requests","unit":"1/min/{project}/{user}","values":{"DEFAULT":"100"}},{"name":"CreatesPerMinutePerOrganization","metric":"firebasedatabase.googleapis.com/metadata/create_requests","unit":"1/min/{organization}","values":{"DEFAULT":"100"}}]},"authentication":{"rules":[{"oauth":{"canonicalScopes":"https://www.googleapis.com/auth/cloud-platform,\nhttps://www.googleapis.com/auth/firebase,"}},{"oauth":{"canonicalScopes":"https://www.googleapis.com/auth/cloud-platform,\nhttps://www.googleapis.com/auth/cloud-platform.read-only,\nhttps://www.googleapis.com/auth/firebase,\nhttps://www.googleapis.com/auth/firebase.readonly"}},{"oauth":{"canonicalScopes":"https://www.googleapis.com/auth/cloud-platform,\nhttps://www.googleapis.com/auth/cloud-platform.read-only,\nhttps://www.googleapis.com/auth/firebase,\nhttps://www.googleapis.com/auth/firebase.readonly"}},{"oauth":{"canonicalScopes":"https://www.googleapis.com/auth/cloud-platform,\nhttps://www.googleapis.com/auth/firebase,"}},{"oauth":{"canonicalScopes":"https://www.googleapis.com/auth/cloud-platform,\nhttps://www.googleapis.com/auth/firebase,"}},{"oauth":{"canonicalScopes":"https://www.googleapis.com/auth/cloud-platform,\nhttps://www.googleapis.com/auth/firebase,"}},{"oauth":{"canonicalScopes":"https://www.googleapis.com/auth/cloud-platform,\nhttps://www.googleapis.com/auth/firebase,"}}]},"usage":{"requirements":["serviceusage.googleapis.com/tos/universal"]},"endpoints":[{"name":"firebasedatabase.googleapis.com"},{"name":"firebasedatabase.clients6.google.com"},{"name":"content-firebasedatabase.googleapis.com"}],"monitoredResources":[{"type":"firebase_namespace","displayName":"Firebase Realtime Database","description":"A Firebase Realtime Database.","labels":[{"key":"project_id","description":"The identifier of the GCP project associated with this resource, such as \"my-project\"."},{"key":"table_name","description":"The name of the database."},{"key":"location","description":"The location of the database."}],"launchStage":"GA"},{"type":"firebasedatabase.googleapis.com/table","labels":[{"key":"firebasedatabase.googleapis.com/table_name"},{"key":"cloud.googleapis.com/location"},{"key":"cloud.googleapis.com/project"},{"key":"cloud.googleapis.com/uid"}]},{"type":"serviceruntime.googleapis.com/api","labels":[{"key":"cloud.googleapis.com/location"},{"key":"cloud.googleapis.com/uid"},{"key":"serviceruntime.googleapis.com/api_version"},{"key":"serviceruntime.googleapis.com/api_method"},{"key":"serviceruntime.googleapis.com/consumer_project"},{"key":"cloud.googleapis.com/project"},{"key":"cloud.googleapis.com/service"}]},{"type":"serviceruntime.googleapis.com/consumer_quota","labels":[{"key":"cloud.googleapis.com/location"},{"key":"cloud.googleapis.com/uid"},{"key":"cloud.googleapis.com/service"},{"key":"cloud.googleapis.com/resource_id"},{"key":"cloud.googleapis.com/resource_node"},{"key":"cloud.googleapis.com/quota_metric"},{"key":"cloud.googleapis.com/quota_location"}]},{"type":"serviceruntime.googleapis.com/producer_quota","labels":[{"key":"cloud.googleapis.com/location"},{"key":"cloud.googleapis.com/uid"},{"key":"cloud.googleapis.com/service"},{"key":"cloud.googleapis.com/resource_id"},{"key":"cloud.googleapis.com/resource_node"},{"key":"cloud.googleapis.com/consumer_resource_node"},{"key":"cloud.googleapis.com/quota_metric"},{"key":"cloud.googleapis.com/quota_location"}]}],"monitoring":{"consumerDestinations":[{"monitoredResource":"firebase_namespace","metrics":["firebasedatabase.googleapis.com/storage/total_bytes","firebasedatabase.googleapis.com/storage/limit","firebasedatabase.googleapis.com/storage/disabled_for_overages","firebasedatabase.googleapis.com/network/monthly_sent","firebasedatabase.googleapis.com/network/monthly_sent_limit","firebasedatabase.googleapis.com/network/active_connections","firebasedatabase.googleapis.com/network/disabled_for_overages","firebasedatabase.googleapis.com/io/utilization","firebasedatabase.googleapis.com/io/database_load","firebasedatabase.googleapis.com/network/broadcast_load"]},{"monitoredResource":"firebase_namespace","metrics":["firebasedatabase.googleapis.com/network/sent_bytes_count","firebasedatabase.googleapis.com/network/api_hits_count","firebasedatabase.googleapis.com/network/https_requests_count","firebasedatabase.googleapis.com/io/persisted_bytes_count","firebasedatabase.googleapis.com/io/sent_responses_count","firebasedatabase.googleapis.com/network/sent_payload_and_protocol_bytes_count","firebasedatabase.googleapis.com/network/sent_payload_bytes_count","firebasedatabase.googleapis.com/rules/evaluation_count"]},{"monitoredResource":"firebasedatabase.googleapis.com/table","metrics":["firebasedatabase.googleapis.com/network/operations_count"]},{"monitoredResource":"serviceruntime.googleapis.com/api","metrics":["serviceruntime.googleapis.com/api/consumer/quota_used_count","serviceruntime.googleapis.com/api/consumer/quota_refund_count","serviceruntime.googleapis.com/quota/used","serviceruntime.googleapis.com/quota/limit","serviceruntime.googleapis.com/quota/exceeded","serviceruntime.googleapis.com/allocation/consumer/quota_used_count"]},{"monitoredResource":"serviceruntime.googleapis.com/consumer_quota","metrics":["serviceruntime.googleapis.com/quota/rate/consumer/used_count","serviceruntime.googleapis.com/quota/rate/consumer/refund_count","serviceruntime.googleapis.com/quota/allocation/consumer/usage","serviceruntime.googleapis.com/quota/consumer/limit","serviceruntime.googleapis.com/quota/consumer/exceeded"]}]}},"state":"ENABLED","parent":"projects/496113357357"}
[info] ✔  database: required API firebasedatabase.googleapis.com is enabled 
[info] 
[debug] [2022-01-16T05:14:17.838Z] > refreshing access token with scopes: ["email","https://www.googleapis.com/auth/cloud-platform","https://www.googleapis.com/auth/cloudplatformprojects.readonly","https://www.googleapis.com/auth/firebase","openid"]
[debug] [2022-01-16T05:14:17.838Z] >>> HTTP REQUEST POST https://www.googleapis.com/oauth2/v3/token  
 <request body omitted>
[debug] [2022-01-16T05:14:17.996Z] <<< HTTP RESPONSE 200 {"date":"Sun, 16 Jan 2022 05:14:18 GMT","cache-control":"no-cache, no-store, max-age=0, must-revalidate","expires":"Mon, 01 Jan 1990 00:00:00 GMT","pragma":"no-cache","content-type":"application/json; charset=utf-8","vary":"X-Origin, Referer, Origin,Accept-Encoding","server":"scaffolding on HTTPServer2","x-xss-protection":"0","x-frame-options":"SAMEORIGIN","x-content-type-options":"nosniff","alt-svc":"h3=\":443\"; ma=2592000,h3-29=\":443\"; ma=2592000,h3-Q050=\":443\"; ma=2592000,h3-Q046=\":443\"; ma=2592000,h3-Q043=\":443\"; ma=2592000,quic=\":443\"; ma=2592000; v=\"46,43\"","accept-ranges":"none","transfer-encoding":"chunked"}
[debug] [2022-01-16T05:14:18.045Z] >>> HTTP REQUEST GET https://firebasedatabase.googleapis.com/v1beta/projects/fir-test-application-5116c/locations/-/instances/fir-test-application-5116c-default-rtdb  
 
[debug] [2022-01-16T05:14:18.644Z] <<< HTTP RESPONSE 200 {"content-type":"application/json; charset=UTF-8","vary":"X-Origin, Referer, Origin,Accept-Encoding","date":"Sun, 16 Jan 2022 05:14:18 GMT","server":"ESF","cache-control":"private","x-xss-protection":"0","x-frame-options":"SAMEORIGIN","x-content-type-options":"nosniff","alt-svc":"h3=\":443\"; ma=2592000,h3-29=\":443\"; ma=2592000,h3-Q050=\":443\"; ma=2592000,h3-Q046=\":443\"; ma=2592000,h3-Q043=\":443\"; ma=2592000,quic=\":443\"; ma=2592000; v=\"46,43\"","accept-ranges":"none","transfer-encoding":"chunked"}
[info] 
[info] Firebase Realtime Database Security Rules allow you to define how your data should be
[info] structured and when your data can be read from and written to.
[info] 
[debug] [2022-01-16T05:14:24.568Z] >>> HTTP REQUEST GET https://fir-test-application-5116c-default-rtdb.asia-southeast1.firebasedatabase.app/.settings/rules.json  
 
[debug] [2022-01-16T05:14:24.742Z] <<< HTTP RESPONSE 200 {"server":"nginx","date":"Sun, 16 Jan 2022 05:14:24 GMT","content-type":"application/json; charset=utf-8","content-length":"161","connection":"keep-alive","access-control-allow-origin":"*","cache-control":"no-cache","strict-transport-security":"max-age=31556926; includeSubDomains; preload"}
[info] ✔  Database Rules for fir-test-application-5116c-default-rtdb have been written to database.rules.json. 
[info] Future modifications to database.rules.json will update Realtime Database Security Rules when you run
[info] firebase deploy.
[info] 
=== Hosting Setup
[info] 
[info] Your public directory is the folder (relative to your project directory) that
[info] will contain Hosting assets to be uploaded with firebase deploy. If you
[info] have a build process for your assets, use your build's output directory.
[info] 
[debug] [2022-01-16T05:15:39.711Z] >>> [apiv2][query] GET https://www.gstatic.com/firebasejs/releases.json [none]
[debug] [2022-01-16T05:15:39.806Z] <<< [apiv2][status] GET https://www.gstatic.com/firebasejs/releases.json 200
[debug] [2022-01-16T05:15:39.806Z] <<< [apiv2][body] GET https://www.gstatic.com/firebasejs/releases.json {"current":{"version":"9.6.3","browserURL":"https://www.gstatic.com/firebasejs/9.6.3/firebase.js","packageURL":"https://www.gstatic.com/firebasejs/9.6.3/firebase.tgz"},"live":{"version":"9.6","browserURL":"https://www.gstatic.com/firebasejs/live/9.6/firebase.js","packageURL":"https://www.gstatic.com/firebasejs/live/9.6/firebase.tgz"},"components":{"analytics":"https://www.gstatic.com/firebasejs/9.6.3/firebase-analytics.js","app":"https://www.gstatic.com/firebasejs/9.6.3/firebase-app.js","app-check":"https://www.gstatic.com/firebasejs/9.6.3/firebase-app-check.js","auth":"https://www.gstatic.com/firebasejs/9.6.3/firebase-auth.js","auth/cordova":"https://www.gstatic.com/firebasejs/9.6.3/firebase-auth/cordova.js","auth/react-native":"https://www.gstatic.com/firebasejs/9.6.3/firebase-auth/react-native.js","functions":"https://www.gstatic.com/firebasejs/9.6.3/firebase-functions.js","firestore":"https://www.gstatic.com/firebasejs/9.6.3/firebase-firestore.js","firestore/lite":"https://www.gstatic.com/firebasejs/9.6.3/firebase-firestore/lite.js","storage":"https://www.gstatic.com/firebasejs/9.6.3/firebase-storage.js","performance":"https://www.gstatic.com/firebasejs/9.6.3/firebase-performance.js","remote-config":"https://www.gstatic.com/firebasejs/9.6.3/firebase-remote-config.js","messaging":"https://www.gstatic.com/firebasejs/9.6.3/firebase-messaging.js","messaging/sw":"https://www.gstatic.com/firebasejs/9.6.3/firebase-messaging/sw.js","database":"https://www.gstatic.com/firebasejs/9.6.3/firebase-database.js","firestore.memory":"https://www.gstatic.com/firebasejs/9.6.3/firebase-firestore.memory.js"}}
[info] ✔  Wrote dist/angular-firebase-hosting/index.html 
[info] 
[info] i  Detected a .git folder at /Users/pranamk/Documents/Git Repository/angular-firebase-hosting 
[info] i  Authorizing with GitHub to upload your service account to a GitHub repository's secrets store. 
[info] 
[info] Visit this URL on this device to log in:
[info] https://github.com/login/oauth/authorize?client_id=89cf50f02ac6aaed3484&state=114799893&redirect_uri=http%3A%2F%2Flocalhost%3A9005&scope=read%3Auser%20repo%20public_repo
[info] 
[info] Waiting for authentication...
[debug] [2022-01-16T05:15:53.647Z] >>> HTTP REQUEST POST https://github.com/login/oauth/access_token  
 {"client_id":"89cf50f02ac6aaed3484","client_secret":"3330d14abc895d9a74d5f17cd7a00711fa2c5bf0","code":"3912b7734823be17be64","redirect_uri":"http://localhost:9005","state":"114799893"}
[debug] [2022-01-16T05:15:54.047Z] <<< HTTP RESPONSE 200 {"server":"GitHub.com","date":"Sun, 16 Jan 2022 05:15:53 GMT","content-type":"application/json; charset=utf-8","transfer-encoding":"chunked","vary":"X-PJAX, X-PJAX-Container, Accept-Encoding, Accept, X-Requested-With","permissions-policy":"interest-cohort=()","etag":"W/\"1e44b36e8daac940506f4698bd029547\"","cache-control":"max-age=0, private, must-revalidate","strict-transport-security":"max-age=31536000; includeSubdomains; preload","x-frame-options":"deny","x-content-type-options":"nosniff","x-xss-protection":"0","referrer-policy":"origin-when-cross-origin, strict-origin-when-cross-origin","expect-ct":"max-age=2592000, report-uri=\"https://api.github.com/_private/browser/errors\"","content-security-policy":"default-src 'none'; base-uri 'self'; block-all-mixed-content; child-src github.com/assets-cdn/worker/ gist.github.com/assets-cdn/worker/; connect-src 'self' uploads.github.com objects-origin.githubusercontent.com www.githubstatus.com collector.githubapp.com api.github.com github-cloud.s3.amazonaws.com github-production-repository-file-5c1aeb.s3.amazonaws.com github-production-upload-manifest-file-7fdce7.s3.amazonaws.com github-production-user-asset-6210df.s3.amazonaws.com cdn.optimizely.com logx.optimizely.com/v1/events translator.github.com wss://alive.github.com; font-src github.githubassets.com; form-action 'self' github.com gist.github.com objects-origin.githubusercontent.com; frame-ancestors 'none'; frame-src render.githubusercontent.com viewscreen.githubusercontent.com notebooks.githubusercontent.com; img-src 'self' data: github.githubassets.com identicons.github.com collector.githubapp.com github-cloud.s3.amazonaws.com secured-user-images.githubusercontent.com/ *.githubusercontent.com; manifest-src 'self'; media-src github.com user-images.githubusercontent.com/; script-src github.githubassets.com; style-src 'unsafe-inline' github.githubassets.com; worker-src github.com/assets-cdn/worker/ gist.github.com/assets-cdn/worker/","x-github-request-id":"0EC7:7357:A231B8:BFE3F4:61E3AA09"}
[debug] [2022-01-16T05:15:54.054Z] >>> [apiv2][query] GET https://api.github.com/user [none]
[debug] [2022-01-16T05:15:54.466Z] <<< [apiv2][status] GET https://api.github.com/user 200
[debug] [2022-01-16T05:15:54.467Z] <<< [apiv2][body] GET https://api.github.com/user {"login":"PranamBhat","id":32120033,"node_id":"MDQ6VXNlcjMyMTIwMDMz","avatar_url":"https://avatars.githubusercontent.com/u/32120033?v=4","gravatar_id":"","url":"https://api.github.com/users/PranamBhat","html_url":"https://github.com/PranamBhat","followers_url":"https://api.github.com/users/PranamBhat/followers","following_url":"https://api.github.com/users/PranamBhat/following{/other_user}","gists_url":"https://api.github.com/users/PranamBhat/gists{/gist_id}","starred_url":"https://api.github.com/users/PranamBhat/starred{/owner}{/repo}","subscriptions_url":"https://api.github.com/users/PranamBhat/subscriptions","organizations_url":"https://api.github.com/users/PranamBhat/orgs","repos_url":"https://api.github.com/users/PranamBhat/repos","events_url":"https://api.github.com/users/PranamBhat/events{/privacy}","received_events_url":"https://api.github.com/users/PranamBhat/received_events","type":"User","site_admin":false,"name":"Pranam K","company":"ABB","blog":"https://www.linkedin.com/in/pranam-bhat-11670689/","location":"Bangalore","email":null,"hireable":true,"bio":"Techie by brains and a traveler by heart :)","twitter_username":"PranamBhat","public_repos":125,"public_gists":11,"followers":807,"following":18278,"created_at":"2017-09-20T04:44:22Z","updated_at":"2022-01-05T05:30:45Z","private_gists":0,"total_private_repos":24,"owned_private_repos":24,"disk_usage":573990,"collaborators":0,"two_factor_authentication":false,"plan":{"name":"free","space":976562499,"collaborators":0,"private_repos":10000}}
[info] 
[info] ✔  Success! Logged into GitHub as PranamBhat 
[info] 
[debug] [2022-01-16T05:16:18.094Z] >>> [apiv2][query] GET https://api.github.com/repos/ng build --prod --aot/actions/secrets/public-key type=owner
[debug] [2022-01-16T05:16:18.433Z] <<< [apiv2][status] GET https://api.github.com/repos/ng build --prod --aot/actions/secrets/public-key 404
[debug] [2022-01-16T05:16:18.434Z] <<< [apiv2][body] GET https://api.github.com/repos/ng build --prod --aot/actions/secrets/public-key {"message":"Not Found","documentation_url":"https://docs.github.com/rest"}
[debug] [2022-01-16T05:16:20.256Z] >>> [apiv2][query] GET https://api.github.com/repos/ng build --prod --aot/actions/secrets/public-key type=owner
[debug] [2022-01-16T05:16:20.608Z] <<< [apiv2][status] GET https://api.github.com/repos/ng build --prod --aot/actions/secrets/public-key 404
[debug] [2022-01-16T05:16:20.609Z] <<< [apiv2][body] GET https://api.github.com/repos/ng build --prod --aot/actions/secrets/public-key {"message":"Not Found","documentation_url":"https://docs.github.com/rest"}
[debug] [2022-01-16T05:16:22.709Z] >>> [apiv2][query] GET https://api.github.com/repos/ng build --prod --aot/actions/secrets/public-key type=owner
[debug] [2022-01-16T05:16:23.065Z] <<< [apiv2][status] GET https://api.github.com/repos/ng build --prod --aot/actions/secrets/public-key 404
[debug] [2022-01-16T05:16:23.065Z] <<< [apiv2][body] GET https://api.github.com/repos/ng build --prod --aot/actions/secrets/public-key {"message":"Not Found","documentation_url":"https://docs.github.com/rest"}
